<?xml version="1.0" encoding="UTF-8"?>
<testng-results ignored="0" total="2" passed="2" failed="0" skipped="0">
  <reporter-output>
  </reporter-output>
  <suite started-at="2025-04-27T22:49:10 IST" name="Suite" finished-at="2025-04-27T22:49:51 IST" duration-ms="41487">
    <groups>
    </groups>
    <test started-at="2025-04-27T22:49:10 IST" name="Testing in Chrome" finished-at="2025-04-27T22:49:29 IST" duration-ms="19088">
      <class name="amazon.MavenProjectAmazon.LoginSuccess_TestCase2">
        <test-method is-config="true" signature="launch(java.lang.String)[pri:0, instance:amazon.MavenProjectAmazon.LoginSuccess_TestCase2@2b71e916]" started-at="2025-04-27T22:49:10 IST" name="launch" finished-at="2025-04-27T22:49:20 IST" duration-ms="10246" status="PASS">
          <params>
            <param index="0">
              <value>
                <![CDATA[chrome]]>
              </value>
            </param>
          </params>
          <reporter-output>
          </reporter-output>
        </test-method> <!-- launch -->
        <test-method signature="validcredential()[pri:0, instance:amazon.MavenProjectAmazon.LoginSuccess_TestCase2@2b71e916]" started-at="2025-04-27T22:49:20 IST" name="validcredential" finished-at="2025-04-27T22:49:26 IST" duration-ms="6134" status="PASS">
          <reporter-output>
          </reporter-output>
        </test-method> <!-- validcredential -->
        <test-method is-config="true" signature="quit()[pri:0, instance:amazon.MavenProjectAmazon.LoginSuccess_TestCase2@2b71e916]" started-at="2025-04-27T22:49:26 IST" name="quit" finished-at="2025-04-27T22:49:29 IST" duration-ms="2631" status="PASS">
          <reporter-output>
          </reporter-output>
        </test-method> <!-- quit -->
      </class> <!-- amazon.MavenProjectAmazon.LoginSuccess_TestCase2 -->
    </test> <!-- Testing in Chrome -->
    <test started-at="2025-04-27T22:49:29 IST" name="Testing in Edge" finished-at="2025-04-27T22:49:51 IST" duration-ms="22352">
      <class name="amazon.MavenProjectAmazon.LoginSuccess_TestCase2">
        <test-method is-config="true" signature="launch(java.lang.String)[pri:0, instance:amazon.MavenProjectAmazon.LoginSuccess_TestCase2@1e800aaa]" started-at="2025-04-27T22:49:29 IST" name="launch" finished-at="2025-04-27T22:49:43 IST" duration-ms="13895" status="PASS">
          <params>
            <param index="0">
              <value>
                <![CDATA[edge]]>
              </value>
            </param>
          </params>
          <reporter-output>
          </reporter-output>
        </test-method> <!-- launch -->
        <test-method signature="validcredential()[pri:0, instance:amazon.MavenProjectAmazon.LoginSuccess_TestCase2@1e800aaa]" started-at="2025-04-27T22:49:43 IST" name="validcredential" finished-at="2025-04-27T22:49:48 IST" duration-ms="4816" status="PASS">
          <reporter-output>
          </reporter-output>
        </test-method> <!-- validcredential -->
        <test-method is-config="true" signature="quit()[pri:0, instance:amazon.MavenProjectAmazon.LoginSuccess_TestCase2@1e800aaa]" started-at="2025-04-27T22:49:48 IST" name="quit" finished-at="2025-04-27T22:49:51 IST" duration-ms="3634" status="PASS">
          <reporter-output>
          </reporter-output>
        </test-method> <!-- quit -->
      </class> <!-- amazon.MavenProjectAmazon.LoginSuccess_TestCase2 -->
    </test> <!-- Testing in Edge -->
  </suite> <!-- Suite -->
</testng-results>
