<?xml version="1.0" encoding="UTF-8"?>
<!-- Generated by org.testng.reporters.JUnitXMLReporter -->
<testsuite ignored="0" hostname="LAPTOP-JELST8HG" failures="1" tests="1" name="Test" time="15.814" errors="0" timestamp="2025-04-27T19:20:42 IST">
  <testcase classname="amazon.MavenProjectAmazon.LoginSuccess_TestCase2" name="validcredential" time="3.405">
    <failure type="java.lang.NoClassDefFoundError" message="org/apache/poi/logging/PoiLogManager">
      <![CDATA[java.lang.NoClassDefFoundError: org/apache/poi/logging/PoiLogManager
at org.apache.poi.openxml4j.opc.OPCPackage.<clinit>(OPCPackage.java:75)
at org.apache.poi.xssf.usermodel.XSSFWorkbookFactory.create(XSSFWorkbookFactory.java:97)
at org.apache.poi.xssf.usermodel.XSSFWorkbookFactory.create(XSSFWorkbookFactory.java:36)
at org.apache.poi.ss.usermodel.WorkbookFactory.lambda$create$2(WorkbookFactory.java:224)
at org.apache.poi.ss.usermodel.WorkbookFactory.wp(WorkbookFactory.java:329)
at org.apache.poi.ss.usermodel.WorkbookFactory.create(WorkbookFactory.java:224)
at org.apache.poi.ss.usermodel.WorkbookFactory.create(WorkbookFactory.java:185)
at amazon.MavenProjectAmazon.LoginPage.un(LoginPage.java:35)
at amazon.MavenProjectAmazon.LoginSuccess_TestCase2.validcredential(LoginSuccess_TestCase2.java:18)
at java.base/java.util.ArrayList.forEach(ArrayList.java:1511)
Caused by: java.lang.ClassNotFoundException: org.apache.poi.logging.PoiLogManager
at java.base/jdk.internal.loader.BuiltinClassLoader.loadClass(BuiltinClassLoader.java:641)
at java.base/jdk.internal.loader.ClassLoaders$AppClassLoader.loadClass(ClassLoaders.java:188)
at java.base/java.lang.ClassLoader.loadClass(ClassLoader.java:520)
... 37 more
... Removed 27 stack frames]]>
    </failure>
  </testcase> <!-- validcredential -->
</testsuite> <!-- Test -->
