<?xml version="1.0" encoding="UTF-8"?>
<!-- Generated by org.testng.reporters.JUnitReportReporter -->
<testsuite hostname="LAPTOP-JELST8HG" failures="0" tests="2" name="amazon.MavenProjectAmazon.LoginSuccess_TestCase2" time="41.356" errors="0" timestamp="2025-04-27T22:49:51 IST" skipped="0">
  <testcase classname="amazon.MavenProjectAmazon.LoginSuccess_TestCase2" name="validcredential" time="19.011"/>
  <testcase classname="amazon.MavenProjectAmazon.LoginSuccess_TestCase2" name="validcredential" time="22.345"/>
</testsuite> <!-- amazon.MavenProjectAmazon.LoginSuccess_TestCase2 -->
